2021-10-09 13:05:51.310  INFO 8304 --- [main] com.now.nowbot.NowbotApplication         : Starting NowbotApplication using Java 12.0.2 on LAPTOP-O8B62U0M with PID 8304 (F:\项目素材\nowbot\target\classes started by Administrator in F:\项目素材\nowbot)
2021-10-09 13:05:51.314  INFO 8304 --- [main] com.now.nowbot.NowbotApplication         : No active profile set, falling back to default profiles: default
2021-10-09 13:05:52.007  INFO 8304 --- [main] .s.d.r.c.RepositoryConfigurationDelegate : Bootstrapping Spring Data JPA repositories in DEFAULT mode.
2021-10-09 13:05:52.101  INFO 8304 --- [main] .s.d.r.c.RepositoryConfigurationDelegate : Finished Spring Data repository scanning in 87 ms. Found 3 JPA repository interfaces.
2021-10-09 13:05:52.693  INFO 8304 --- [main] o.s.b.w.embedded.tomcat.TomcatWebServer  : Tomcat initialized with port(s): 8388 (http)
2021-10-09 13:05:52.700  INFO 8304 --- [main] o.apache.catalina.core.StandardService   : Starting service [Tomcat]
2021-10-09 13:05:52.701  INFO 8304 --- [main] org.apache.catalina.core.StandardEngine  : Starting Servlet engine: [Apache Tomcat/9.0.50]
2021-10-09 13:05:52.809  INFO 8304 --- [main] o.a.c.c.C.[Tomcat].[localhost].[/]       : Initializing Spring embedded WebApplicationContext
2021-10-09 13:05:52.810  INFO 8304 --- [main] w.s.c.ServletWebServerApplicationContext : Root WebApplicationContext: initialization completed in 1423 ms
2021-10-09 13:05:52.978  INFO 8304 --- [main] o.hibernate.jpa.internal.util.LogHelper  : HHH000204: Processing PersistenceUnitInfo [name: default]
2021-10-09 13:05:53.010  INFO 8304 --- [main] org.hibernate.Version                    : HHH000412: Hibernate ORM core version 5.4.32.Final
2021-10-09 13:05:53.094  INFO 8304 --- [main] o.hibernate.annotations.common.Version   : HCANN000001: Hibernate Commons Annotations {5.1.2.Final}
2021-10-09 13:05:53.145  INFO 8304 --- [main] org.hibernate.dialect.Dialect            : HHH000400: Using dialect: org.sqlite.hibernate.dialect.SQLiteDialect
2021-10-09 13:05:53.174  INFO 8304 --- [main] com.zaxxer.hikari.HikariDataSource       : HikariPool-1 - Starting...
2021-10-09 13:05:53.236  INFO 8304 --- [main] com.zaxxer.hikari.HikariDataSource       : HikariPool-1 - Start completed.
2021-10-09 13:05:53.244  INFO 8304 --- [main] org.hibernate.dialect.Dialect            : HHH000400: Using dialect: org.sqlite.hibernate.dialect.SQLiteDialect
2021-10-09 13:05:53.712  INFO 8304 --- [main] o.h.e.t.j.p.i.JtaPlatformInitiator       : HHH000490: Using JtaPlatform implementation: [org.hibernate.engine.transaction.jta.platform.internal.NoJtaPlatform]
2021-10-09 13:05:53.722  INFO 8304 --- [main] j.LocalContainerEntityManagerFactoryBean : Initialized JPA EntityManagerFactory for persistence unit 'default'
2021-10-09 13:05:55.299  WARN 8304 --- [main] JpaBaseConfiguration$JpaWebConfiguration : spring.jpa.open-in-view is enabled by default. Therefore, database queries may be performed during view rendering. Explicitly configure spring.jpa.open-in-view to disable this warning
2021-10-09 13:05:55.756  INFO 8304 --- [main] o.s.b.w.embedded.tomcat.TomcatWebServer  : Tomcat started on port(s): 8388 (http) with context path ''
2021-10-09 13:05:55.768  INFO 8304 --- [main] com.now.nowbot.NowbotApplication         : Started NowbotApplication in 5.149 seconds (JVM running for 6.412)
2021-10-09 13:05:55.770  INFO 8304 --- [main] com.now.nowbot.NowbotApplication         : 启动成功
2021-10-09 13:10:00.011  INFO 8304 --- [scheduling-1] com.now.nowbot.service.RunTimeService    : 清理绑定器执行 当前剩余:0
2021-10-09 13:15:00.008  INFO 8304 --- [scheduling-1] com.now.nowbot.service.RunTimeService    : 清理绑定器执行 当前剩余:0
2021-10-09 13:20:00.008  INFO 8304 --- [scheduling-1] com.now.nowbot.service.RunTimeService    : 清理绑定器执行 当前剩余:0
2021-10-09 13:25:00.004  INFO 8304 --- [scheduling-1] com.now.nowbot.service.RunTimeService    : 清理绑定器执行 当前剩余:0
2021-10-09 13:30:00.009  INFO 8304 --- [scheduling-1] com.now.nowbot.service.RunTimeService    : 清理绑定器执行 当前剩余:0
2021-10-09 13:30:00.013  INFO 8304 --- [scheduling-1] com.now.nowbot.service.RunTimeService    : 方法区 已申请 90M 已使用 86M 
2021-10-09 13:30:00.013  INFO 8304 --- [scheduling-1] com.now.nowbot.service.RunTimeService    : 堆内存上限128M,当前内存占用82M, 已使用54M
当前线程数 38 ,守护线程 33 ,峰值线程 43
2021-10-09 13:30:00.013  INFO 8304 --- [scheduling-1] com.now.nowbot.service.RunTimeService    : vm内存 CodeHeap 'non-nmethods' 已申请 2M 已使用 1M 
2021-10-09 13:30:00.013  INFO 8304 --- [scheduling-1] com.now.nowbot.service.RunTimeService    : vm内存 Metaspace 已申请 66M 已使用 64M 
2021-10-09 13:30:00.013  INFO 8304 --- [scheduling-1] com.now.nowbot.service.RunTimeService    : vm内存 Compressed Class Space 已申请 9M 已使用 8M 
2021-10-09 13:30:00.014  INFO 8304 --- [scheduling-1] com.now.nowbot.service.RunTimeService    : vm内存 G1 Eden Space 已申请 18M 已使用 11M 
2021-10-09 13:30:00.014  INFO 8304 --- [scheduling-1] com.now.nowbot.service.RunTimeService    : vm内存 G1 Old Gen 已申请 61M 已使用 40M 
2021-10-09 13:30:00.014  INFO 8304 --- [scheduling-1] com.now.nowbot.service.RunTimeService    : vm内存 G1 Survivor Space 已申请 3M 已使用 3M 
2021-10-09 13:30:00.014  INFO 8304 --- [scheduling-1] com.now.nowbot.service.RunTimeService    : vm内存 CodeHeap 'non-profiled nmethods' 已申请 11M 已使用 11M 
2021-10-09 13:35:00.012  INFO 8304 --- [scheduling-1] com.now.nowbot.service.RunTimeService    : 清理绑定器执行 当前剩余:0
2021-10-09 13:40:00.001  INFO 8304 --- [scheduling-1] com.now.nowbot.service.RunTimeService    : 清理绑定器执行 当前剩余:0
2021-10-09 13:45:00.006  INFO 8304 --- [scheduling-1] com.now.nowbot.service.RunTimeService    : 清理绑定器执行 当前剩余:0
